<?xml version="1.0" encoding="utf-8"?><testsuites name="pytest tests"><testsuite name="pytest" errors="0" failures="2" skipped="2" tests="20" time="1.826" timestamp="2026-02-19T10:36:03.802291+00:00" hostname="agent-env-4406e136-44d0-4478-94ff-46e038a51d2e"><testcase classname="backend.tests.test_faq_questionnaire.TestPublicFAQEndpoints" name="test_get_faqs_returns_list" time="0.197" /><testcase classname="backend.tests.test_faq_questionnaire.TestPublicFAQEndpoints" name="test_faqs_have_required_fields" time="0.062" /><testcase classname="backend.tests.test_faq_questionnaire.TestPublicFAQEndpoints" name="test_faqs_filter_by_category" time="0.062" /><testcase classname="backend.tests.test_faq_questionnaire.TestAdminFAQEndpoints" name="test_admin_get_faqs" time="0.343" /><testcase classname="backend.tests.test_faq_questionnaire.TestAdminFAQEndpoints" name="test_admin_create_faq" time="0.054" /><testcase classname="backend.tests.test_faq_questionnaire.TestAdminFAQEndpoints" name="test_admin_update_faq" time="0.058" /><testcase classname="backend.tests.test_faq_questionnaire.TestAdminFAQEndpoints" name="test_admin_delete_faq" time="0.111" /><testcase classname="backend.tests.test_faq_questionnaire.TestPublicQuestionnaireEndpoints" name="test_get_maternity_questionnaire" time="0.057" /><testcase classname="backend.tests.test_faq_questionnaire.TestPublicQuestionnaireEndpoints" name="test_maternity_questionnaire_structure" time="0.058" /><testcase classname="backend.tests.test_faq_questionnaire.TestPublicQuestionnaireEndpoints" name="test_questionnaire_questions_have_labels" time="0.053" /><testcase classname="backend.tests.test_faq_questionnaire.TestPublicQuestionnaireEndpoints" name="test_nonexistent_questionnaire_returns_empty" time="0.052" /><testcase classname="backend.tests.test_faq_questionnaire.TestAdminQuestionnaireEndpoints" name="test_admin_get_questionnaires" time="0.061" /><testcase classname="backend.tests.test_faq_questionnaire.TestAdminQuestionnaireEndpoints" name="test_admin_get_questionnaire_by_type" time="0.059" /><testcase classname="backend.tests.test_faq_questionnaire.TestBookingWithQuestionnaire" name="test_booking_settings_available" time="0.055" /><testcase classname="backend.tests.test_faq_questionnaire.TestBookingWithQuestionnaire" name="test_packages_available" time="0.067" /><testcase classname="backend.tests.test_faq_questionnaire.TestBookingWithQuestionnaire" name="test_create_booking_with_questionnaire_responses" time="0.135"><failure message="assert 422 == 200&#10; +  where 422 = &lt;Response [422]&gt;.status_code">backend/tests/test_faq_questionnaire.py:286: in test_create_booking_with_questionnaire_responses
    assert response.status_code == 200
E   assert 422 == 200
E    +  where 422 = &lt;Response [422]&gt;.status_code</failure></testcase><testcase classname="backend.tests.test_faq_questionnaire.TestBookingWithQuestionnaire" name="test_verify_booking_questionnaire_responses" time="0.000"><skipped type="pytest.skip" message="No booking created to verify">/app/backend/tests/test_faq_questionnaire.py:302: No booking created to verify</skipped></testcase><testcase classname="backend.tests.test_faq_questionnaire.TestBookingWithQuestionnaire" name="test_cleanup_test_booking" time="0.000"><skipped type="pytest.skip" message="No booking to clean up">/app/backend/tests/test_faq_questionnaire.py:321: No booking to clean up</skipped></testcase><testcase classname="backend.tests.test_faq_questionnaire.TestAvailableTimes" name="test_get_available_times" time="0.055" /><testcase classname="backend.tests.test_faq_questionnaire.TestAvailableTimes" name="test_get_available_times_with_session_type" time="0.060"><failure message="AssertionError: assert None == 'maternity'&#10; +  where None = &lt;built-in method get of dict object at 0xfee63ef6bc00&gt;('session_type')&#10; +    where &lt;built-in method get of dict object at 0xfee63ef6bc00&gt; = {'available_times': [], 'date': '2026-03-15', 'is_weekend': True, 'message': 'Not available on this day'}.get">backend/tests/test_faq_questionnaire.py:348: in test_get_available_times_with_session_type
    assert data.get("session_type") == "maternity"
E   AssertionError: assert None == 'maternity'
E    +  where None = &lt;built-in method get of dict object at 0xfee63ef6bc00&gt;('session_type')
E    +    where &lt;built-in method get of dict object at 0xfee63ef6bc00&gt; = {'available_times': [], 'date': '2026-03-15', 'is_weekend': True, 'message': 'Not available on this day'}.get</failure></testcase></testsuite></testsuites>