<?xml version="1.0" encoding="utf-8"?><testsuites name="pytest tests"><testsuite name="pytest" errors="0" failures="0" skipped="0" tests="20" time="16.955" timestamp="2026-02-22T13:33:27.933808+00:00" hostname="agent-env-d3abff4a-09a0-4b80-9069-e6f6c91916a2"><testcase classname="backend.tests.test_payment_booking_flow.TestBookingCreationWithAddons" name="test_create_booking_with_addon_ids" time="0.271" /><testcase classname="backend.tests.test_payment_booking_flow.TestBookingCreationWithAddons" name="test_create_booking_with_empty_addons" time="0.142" /><testcase classname="backend.tests.test_payment_booking_flow.TestBookingCreationWithAddons" name="test_create_booking_with_weekend_surcharge" time="1.254" /><testcase classname="backend.tests.test_payment_booking_flow.TestPaymentInitiation" name="test_payfast_payment_initiation" time="2.776" /><testcase classname="backend.tests.test_payment_booking_flow.TestPaymentInitiation" name="test_payfast_payment_full_amount" time="0.200" /><testcase classname="backend.tests.test_payment_booking_flow.TestPaymentInitiation" name="test_eft_payment_initiation" time="4.089" /><testcase classname="backend.tests.test_payment_booking_flow.TestPaymentInitiation" name="test_payflex_payment_mocked" time="1.594" /><testcase classname="backend.tests.test_payment_booking_flow.TestPaymentInitiation" name="test_invalid_payment_method" time="0.199" /><testcase classname="backend.tests.test_payment_booking_flow.TestPaymentInitiation" name="test_nonexistent_booking_payment" time="3.060" /><testcase classname="backend.tests.test_payment_booking_flow.TestPaymentStatus" name="test_get_payment_status" time="0.755" /><testcase classname="backend.tests.test_payment_booking_flow.TestPaymentStatus" name="test_get_payment_status_nonexistent" time="1.331" /><testcase classname="backend.tests.test_payment_booking_flow.TestExistingEndpointsNoRegression" name="test_health_endpoint" time="0.107" /><testcase classname="backend.tests.test_payment_booking_flow.TestExistingEndpointsNoRegression" name="test_packages_endpoint" time="0.098" /><testcase classname="backend.tests.test_payment_booking_flow.TestExistingEndpointsNoRegression" name="test_packages_filtered_by_session_type" time="0.095" /><testcase classname="backend.tests.test_payment_booking_flow.TestExistingEndpointsNoRegression" name="test_booking_settings_endpoint" time="0.096" /><testcase classname="backend.tests.test_payment_booking_flow.TestExistingEndpointsNoRegression" name="test_payment_settings_endpoint" time="0.109" /><testcase classname="backend.tests.test_payment_booking_flow.TestExistingEndpointsNoRegression" name="test_addons_endpoint" time="0.103" /><testcase classname="backend.tests.test_payment_booking_flow.TestExistingEndpointsNoRegression" name="test_available_dates_endpoint" time="0.122" /><testcase classname="backend.tests.test_payment_booking_flow.TestExistingEndpointsNoRegression" name="test_available_times_endpoint" time="0.112" /><testcase classname="backend.tests.test_payment_booking_flow.TestExistingEndpointsNoRegression" name="test_admin_login" time="0.330" /></testsuite></testsuites>