<?xml version="1.0" encoding="utf-8"?><testsuites name="pytest tests"><testsuite name="pytest" errors="0" failures="0" skipped="0" tests="29" time="2.620" timestamp="2026-02-22T12:59:00.596063+00:00" hostname="agent-env-d3abff4a-09a0-4b80-9069-e6f6c91916a2"><testcase classname="tests.test_refactored_backend.TestPublicEndpoints" name="test_health_check" time="0.266" /><testcase classname="tests.test_refactored_backend.TestPublicEndpoints" name="test_packages_endpoint" time="0.055" /><testcase classname="tests.test_refactored_backend.TestPublicEndpoints" name="test_testimonials_endpoint" time="0.049" /><testcase classname="tests.test_refactored_backend.TestPublicEndpoints" name="test_portfolio_endpoint" time="0.058" /><testcase classname="tests.test_refactored_backend.TestPublicEndpoints" name="test_faqs_endpoint" time="0.065" /><testcase classname="tests.test_refactored_backend.TestPublicEndpoints" name="test_addons_endpoint" time="0.046" /><testcase classname="tests.test_refactored_backend.TestPublicEndpoints" name="test_booking_settings_endpoint" time="0.049" /><testcase classname="tests.test_refactored_backend.TestPublicEndpoints" name="test_contract_endpoint" time="0.053" /><testcase classname="tests.test_refactored_backend.TestPublicEndpoints" name="test_payment_settings_endpoint" time="0.053" /><testcase classname="tests.test_refactored_backend.TestPublicEndpoints" name="test_instagram_feed_endpoint" time="0.345" /><testcase classname="tests.test_refactored_backend.TestPublicEndpoints" name="test_google_reviews_public_endpoint" time="0.064" /><testcase classname="tests.test_refactored_backend.TestAdminAuth" name="test_admin_login_success" time="0.267" /><testcase classname="tests.test_refactored_backend.TestAdminAuth" name="test_admin_login_invalid_credentials" time="0.051" /><testcase classname="tests.test_refactored_backend.TestAdminEndpoints" name="test_admin_stats" time="0.328" /><testcase classname="tests.test_refactored_backend.TestAdminEndpoints" name="test_admin_bookings" time="0.052" /><testcase classname="tests.test_refactored_backend.TestAdminEndpoints" name="test_admin_packages" time="0.050" /><testcase classname="tests.test_refactored_backend.TestAdminEndpoints" name="test_admin_portfolio" time="0.052" /><testcase classname="tests.test_refactored_backend.TestAdminEndpoints" name="test_admin_testimonials" time="0.066" /><testcase classname="tests.test_refactored_backend.TestAdminEndpoints" name="test_admin_email_settings" time="0.050" /><testcase classname="tests.test_refactored_backend.TestAdminEndpoints" name="test_admin_payment_settings" time="0.048" /><testcase classname="tests.test_refactored_backend.TestAdminEndpoints" name="test_admin_contract" time="0.048" /><testcase classname="tests.test_refactored_backend.TestAdminEndpoints" name="test_admin_booking_settings" time="0.046" /><testcase classname="tests.test_refactored_backend.TestAdminEndpoints" name="test_admin_faqs" time="0.047" /><testcase classname="tests.test_refactored_backend.TestAdminEndpoints" name="test_admin_questionnaires" time="0.055" /><testcase classname="tests.test_refactored_backend.TestAdminEndpoints" name="test_admin_email_templates" time="0.048" /><testcase classname="tests.test_refactored_backend.TestAdminEndpoints" name="test_admin_storage_settings" time="0.045" /><testcase classname="tests.test_refactored_backend.TestAdminEndpoints" name="test_admin_instagram_settings" time="0.045" /><testcase classname="tests.test_refactored_backend.TestAdminEndpoints" name="test_admin_automated_reminders" time="0.050" /><testcase classname="tests.test_refactored_backend.TestCronEndpoints" name="test_process_reminders" time="0.047" /></testsuite></testsuites>