<?xml version="1.0" encoding="utf-8"?><testsuites name="pytest tests"><testsuite name="pytest" errors="0" failures="0" skipped="0" tests="20" time="6.255" timestamp="2026-02-17T12:17:56.354696+00:00" hostname="agent-env-9fd35638-f34c-4fa0-baf2-90546adc4a17"><testcase classname="backend.tests.test_admin_features.TestAdminAuth" name="test_admin_login_success" time="0.507" /><testcase classname="backend.tests.test_admin_features.TestAdminAuth" name="test_admin_login_invalid_credentials" time="0.115" /><testcase classname="backend.tests.test_admin_features.TestAdminAuth" name="test_admin_me_with_valid_token" time="0.554" /><testcase classname="backend.tests.test_admin_features.TestAdminAuth" name="test_admin_me_without_token" time="0.187" /><testcase classname="backend.tests.test_admin_features.TestPackagesManagement" name="test_get_admin_packages" time="0.135" /><testcase classname="backend.tests.test_admin_features.TestPackagesManagement" name="test_create_package" time="0.112" /><testcase classname="backend.tests.test_admin_features.TestPackagesManagement" name="test_update_package" time="0.439" /><testcase classname="backend.tests.test_admin_features.TestPackagesManagement" name="test_delete_package" time="0.360" /><testcase classname="backend.tests.test_admin_features.TestBookingSettings" name="test_get_booking_settings" time="0.110" /><testcase classname="backend.tests.test_admin_features.TestBookingSettings" name="test_update_booking_settings" time="0.239" /><testcase classname="backend.tests.test_admin_features.TestBookingSettings" name="test_public_booking_settings" time="0.101" /><testcase classname="backend.tests.test_admin_features.TestCalendarSettings" name="test_get_calendar_settings" time="0.095" /><testcase classname="backend.tests.test_admin_features.TestCalendarSettings" name="test_update_calendar_settings" time="0.216" /><testcase classname="backend.tests.test_admin_features.TestCalendarSettings" name="test_calendar_sync_trigger" time="0.116" /><testcase classname="backend.tests.test_admin_features.TestBookingsManagement" name="test_get_admin_bookings" time="0.171" /><testcase classname="backend.tests.test_admin_features.TestBookingsManagement" name="test_create_and_manage_booking" time="0.633" /><testcase classname="backend.tests.test_admin_features.TestBookingsManagement" name="test_update_booking_details" time="0.408" /><testcase classname="backend.tests.test_admin_features.TestBookingsManagement" name="test_delete_booking" time="0.307" /><testcase classname="backend.tests.test_admin_features.TestAdminStats" name="test_get_admin_stats" time="0.127" /><testcase classname="backend.tests.test_admin_features.TestAvailableTimes" name="test_get_available_times" time="1.197" /></testsuite></testsuites>