<?xml version="1.0" encoding="utf-8"?><testsuites name="pytest tests"><testsuite name="pytest" errors="0" failures="0" skipped="0" tests="10" time="1.406" timestamp="2026-02-22T13:22:30.861053+00:00" hostname="agent-env-d3abff4a-09a0-4b80-9069-e6f6c91916a2"><testcase classname="backend.tests.test_calendar_availability.TestCalendarAvailabilityEndpoint" name="test_health_check" time="0.142" /><testcase classname="backend.tests.test_calendar_availability.TestCalendarAvailabilityEndpoint" name="test_available_dates_march_2026" time="0.116" /><testcase classname="backend.tests.test_calendar_availability.TestCalendarAvailabilityEndpoint" name="test_available_dates_with_session_type_filter" time="0.090" /><testcase classname="backend.tests.test_calendar_availability.TestCalendarAvailabilityEndpoint" name="test_available_dates_february_2026_future_only" time="0.098" /><testcase classname="backend.tests.test_calendar_availability.TestCalendarAvailabilityEndpoint" name="test_available_dates_weekend_detection" time="0.128" /><testcase classname="backend.tests.test_calendar_availability.TestCalendarAvailabilityEndpoint" name="test_available_dates_invalid_month_format" time="0.108" /><testcase classname="backend.tests.test_calendar_availability.TestExistingEndpointsStillWork" name="test_packages_endpoint" time="0.108" /><testcase classname="backend.tests.test_calendar_availability.TestExistingEndpointsStillWork" name="test_admin_login" time="0.328" /><testcase classname="backend.tests.test_calendar_availability.TestExistingEndpointsStillWork" name="test_booking_settings" time="0.128" /><testcase classname="backend.tests.test_calendar_availability.TestExistingEndpointsStillWork" name="test_legacy_available_times_endpoint" time="0.087" /></testsuite></testsuites>