<?xml version="1.0" encoding="utf-8"?><testsuites name="pytest tests"><testsuite name="pytest" errors="0" failures="0" skipped="0" tests="6" time="8.024" timestamp="2026-02-20T07:20:26.095687+00:00" hostname="agent-env-164ce57f-0c3c-4cf7-bb24-e6d719a4190f"><testcase classname="backend.tests.test_contract_feature.TestContractPublicAPI" name="test_get_public_contract" time="0.165" /><testcase classname="backend.tests.test_contract_feature.TestContractAdminAPI" name="test_admin_get_contract" time="0.487" /><testcase classname="backend.tests.test_contract_feature.TestContractAdminAPI" name="test_admin_update_contract" time="0.877" /><testcase classname="backend.tests.test_contract_feature.TestContractAdminAPI" name="test_admin_contract_unauthorized" time="0.453" /><testcase classname="backend.tests.test_contract_feature.TestBookingWithContract" name="test_booking_with_contract_data" time="3.252" /><testcase classname="backend.tests.test_contract_feature.TestContractSmartFields" name="test_smart_field_types" time="2.709" /></testsuite></testsuites>