<?xml version="1.0" encoding="utf-8"?><testsuites name="pytest tests"><testsuite name="pytest" errors="0" failures="0" skipped="0" tests="22" time="7.787" timestamp="2026-02-18T19:45:53.050384+00:00" hostname="agent-env-9fd35638-f34c-4fa0-baf2-90546adc4a17"><testcase classname="backend.tests.test_new_admin_features.TestAddOnsManagement" name="test_get_admin_addons" time="0.680" /><testcase classname="backend.tests.test_new_admin_features.TestAddOnsManagement" name="test_get_public_addons" time="0.150" /><testcase classname="backend.tests.test_new_admin_features.TestAddOnsManagement" name="test_get_public_addons_by_session_type" time="0.115" /><testcase classname="backend.tests.test_new_admin_features.TestAddOnsManagement" name="test_create_addon" time="0.138" /><testcase classname="backend.tests.test_new_admin_features.TestAddOnsManagement" name="test_update_addon" time="0.414" /><testcase classname="backend.tests.test_new_admin_features.TestAddOnsManagement" name="test_delete_addon" time="0.396" /><testcase classname="backend.tests.test_new_admin_features.TestEmailTemplatesManagement" name="test_get_email_templates" time="0.218" /><testcase classname="backend.tests.test_new_admin_features.TestEmailTemplatesManagement" name="test_create_email_template" time="0.167" /><testcase classname="backend.tests.test_new_admin_features.TestEmailTemplatesManagement" name="test_create_duplicate_template_fails" time="0.367" /><testcase classname="backend.tests.test_new_admin_features.TestEmailTemplatesManagement" name="test_update_email_template" time="0.390" /><testcase classname="backend.tests.test_new_admin_features.TestEmailTemplatesManagement" name="test_delete_email_template" time="0.491" /><testcase classname="backend.tests.test_new_admin_features.TestStorageSettings" name="test_get_storage_settings" time="0.112" /><testcase classname="backend.tests.test_new_admin_features.TestStorageSettings" name="test_update_storage_settings" time="0.289" /><testcase classname="backend.tests.test_new_admin_features.TestInstagramSettings" name="test_get_instagram_settings" time="0.123" /><testcase classname="backend.tests.test_new_admin_features.TestInstagramSettings" name="test_update_instagram_settings" time="0.273" /><testcase classname="backend.tests.test_new_admin_features.TestInstagramSettings" name="test_instagram_feed_public" time="0.305" /><testcase classname="backend.tests.test_new_admin_features.TestPortfolioManagement" name="test_get_admin_portfolio" time="0.121" /><testcase classname="backend.tests.test_new_admin_features.TestPortfolioManagement" name="test_create_portfolio_item" time="0.183" /><testcase classname="backend.tests.test_new_admin_features.TestPortfolioManagement" name="test_update_portfolio_item" time="0.243" /><testcase classname="backend.tests.test_new_admin_features.TestPortfolioManagement" name="test_delete_portfolio_item" time="0.222" /><testcase classname="backend.tests.test_new_admin_features.TestPortfolioManagement" name="test_upload_endpoint_requires_storage_config" time="0.137" /><testcase classname="backend.tests.test_new_admin_features.TestBookingWithAddons" name="test_create_booking_with_addons" time="2.102" /></testsuite></testsuites>