<?xml version="1.0" encoding="utf-8"?><testsuites name="pytest tests"><testsuite name="pytest" errors="0" failures="0" skipped="0" tests="20" time="1.765" timestamp="2026-02-19T10:36:41.217362+00:00" hostname="agent-env-4406e136-44d0-4478-94ff-46e038a51d2e"><testcase classname="backend.tests.test_faq_questionnaire.TestPublicFAQEndpoints" name="test_get_faqs_returns_list" time="0.173" /><testcase classname="backend.tests.test_faq_questionnaire.TestPublicFAQEndpoints" name="test_faqs_have_required_fields" time="0.056" /><testcase classname="backend.tests.test_faq_questionnaire.TestPublicFAQEndpoints" name="test_faqs_filter_by_category" time="0.052" /><testcase classname="backend.tests.test_faq_questionnaire.TestAdminFAQEndpoints" name="test_admin_get_faqs" time="0.344" /><testcase classname="backend.tests.test_faq_questionnaire.TestAdminFAQEndpoints" name="test_admin_create_faq" time="0.057" /><testcase classname="backend.tests.test_faq_questionnaire.TestAdminFAQEndpoints" name="test_admin_update_faq" time="0.059" /><testcase classname="backend.tests.test_faq_questionnaire.TestAdminFAQEndpoints" name="test_admin_delete_faq" time="0.122" /><testcase classname="backend.tests.test_faq_questionnaire.TestPublicQuestionnaireEndpoints" name="test_get_maternity_questionnaire" time="0.053" /><testcase classname="backend.tests.test_faq_questionnaire.TestPublicQuestionnaireEndpoints" name="test_maternity_questionnaire_structure" time="0.058" /><testcase classname="backend.tests.test_faq_questionnaire.TestPublicQuestionnaireEndpoints" name="test_questionnaire_questions_have_labels" time="0.066" /><testcase classname="backend.tests.test_faq_questionnaire.TestPublicQuestionnaireEndpoints" name="test_nonexistent_questionnaire_returns_empty" time="0.056" /><testcase classname="backend.tests.test_faq_questionnaire.TestAdminQuestionnaireEndpoints" name="test_admin_get_questionnaires" time="0.054" /><testcase classname="backend.tests.test_faq_questionnaire.TestAdminQuestionnaireEndpoints" name="test_admin_get_questionnaire_by_type" time="0.056" /><testcase classname="backend.tests.test_faq_questionnaire.TestBookingWithQuestionnaire" name="test_booking_settings_available" time="0.056" /><testcase classname="backend.tests.test_faq_questionnaire.TestBookingWithQuestionnaire" name="test_packages_available" time="0.065" /><testcase classname="backend.tests.test_faq_questionnaire.TestBookingWithQuestionnaire" name="test_create_booking_with_questionnaire_responses" time="0.117" /><testcase classname="backend.tests.test_faq_questionnaire.TestBookingWithQuestionnaire" name="test_verify_booking_questionnaire_responses" time="0.061" /><testcase classname="backend.tests.test_faq_questionnaire.TestBookingWithQuestionnaire" name="test_cleanup_test_booking" time="0.055" /><testcase classname="backend.tests.test_faq_questionnaire.TestAvailableTimes" name="test_get_available_times" time="0.060" /><testcase classname="backend.tests.test_faq_questionnaire.TestAvailableTimes" name="test_get_available_times_with_session_type" time="0.055" /></testsuite></testsuites>