<?xml version="1.0" encoding="utf-8"?><testsuites name="pytest tests"><testsuite name="pytest" errors="0" failures="0" skipped="0" tests="16" time="12.182" timestamp="2026-02-19T12:20:31.312847+00:00" hostname="agent-env-4406e136-44d0-4478-94ff-46e038a51d2e"><testcase classname="test_calendar_manual_booking.TestAdminCalendarView" name="test_calendar_view_requires_auth" time="0.313" /><testcase classname="test_calendar_manual_booking.TestAdminCalendarView" name="test_calendar_view_returns_events" time="2.078" /><testcase classname="test_calendar_manual_booking.TestAdminCalendarView" name="test_calendar_view_event_structure" time="1.610" /><testcase classname="test_calendar_manual_booking.TestBlockedSlots" name="test_create_blocked_slot" time="0.128" /><testcase classname="test_calendar_manual_booking.TestBlockedSlots" name="test_blocked_slot_appears_in_calendar" time="1.647" /><testcase classname="test_calendar_manual_booking.TestBlockedSlots" name="test_delete_blocked_slot" time="0.231" /><testcase classname="test_calendar_manual_booking.TestBlockedSlots" name="test_delete_nonexistent_slot_returns_404" time="0.107" /><testcase classname="test_calendar_manual_booking.TestManualBooking" name="test_create_manual_booking" time="0.132" /><testcase classname="test_calendar_manual_booking.TestManualBooking" name="test_manual_booking_creates_awaiting_client_status" time="0.311" /><testcase classname="test_calendar_manual_booking.TestManualBooking" name="test_manual_booking_appears_in_calendar" time="1.699" /><testcase classname="test_calendar_manual_booking.TestBookingToken" name="test_get_booking_by_valid_token" time="0.303" /><testcase classname="test_calendar_manual_booking.TestBookingToken" name="test_invalid_token_returns_404" time="0.102" /><testcase classname="test_calendar_manual_booking.TestBookingToken" name="test_complete_booking_via_token" time="0.301" /><testcase classname="test_calendar_manual_booking.TestBookingToken" name="test_token_cannot_be_used_twice" time="2.759" /><testcase classname="test_calendar_manual_booking.TestExistingToken" name="test_existing_token_access" time="0.118" /><testcase classname="test_calendar_manual_booking.TestCleanup" name="test_cleanup_test_bookings" time="0.210" /></testsuite></testsuites>